2016-07-27 11:53:27 Error: [Cake\Console\Exception\MissingShellException] Shell class for "Ball" could not be found.
Exception Attributes: array (
  'class' => 'Ball',
)
Stack Trace:
#0 /var/www/html/Animaux/cobra/vendor/cakephp/cakephp/src/Console/ShellDispatcher.php(218): Cake\Console\ShellDispatcher->findShell('ball')
#1 /var/www/html/Animaux/cobra/vendor/cakephp/cakephp/src/Console/ShellDispatcher.php(181): Cake\Console\ShellDispatcher->_dispatch(Array)
#2 /var/www/html/Animaux/cobra/vendor/cakephp/cakephp/src/Console/ShellDispatcher.php(127): Cake\Console\ShellDispatcher->dispatch(Array)
#3 /var/www/html/Animaux/cobra/bin/cake.php(33): Cake\Console\ShellDispatcher::run(Array)
#4 {main}


2016-07-27 11:53:35 Error: [PDOException] SQLSTATE[28000] [1045] Access denied for user 'my_app'@'localhost' (using password: YES)
Stack Trace:
#0 /var/www/html/Animaux/cobra/vendor/cakephp/cakephp/src/Database/Driver/PDODriverTrait.php(48): PDO->__construct('mysql:host=loca...', 'my_app', 'secret', Array)
#1 /var/www/html/Animaux/cobra/vendor/cakephp/cakephp/src/Database/Driver/Mysql.php(90): Cake\Database\Driver\Mysql->_connect('mysql:host=loca...', Array)
#2 /var/www/html/Animaux/cobra/vendor/cakephp/cakephp/src/Database/Schema/BaseSchema.php(45): Cake\Database\Driver\Mysql->connect()
#3 /var/www/html/Animaux/cobra/vendor/cakephp/cakephp/src/Database/Dialect/MysqlDialectTrait.php(63): Cake\Database\Schema\BaseSchema->__construct(Object(Cake\Database\Driver\Mysql))
#4 /var/www/html/Animaux/cobra/vendor/cakephp/cakephp/src/Database/Schema/Collection.php(52): Cake\Database\Driver\Mysql->schemaDialect()
#5 /var/www/html/Animaux/cobra/vendor/cakephp/cakephp/src/Database/Schema/CachedCollection.php(43): Cake\Database\Schema\Collection->__construct(Object(Cake\Database\Connection))
#6 /var/www/html/Animaux/cobra/vendor/cakephp/cakephp/src/Database/Connection.php(317): Cake\Database\Schema\CachedCollection->__construct(Object(Cake\Database\Connection), true)
#7 /var/www/html/Animaux/cobra/vendor/cakephp/bake/src/Shell/Task/ModelTask.php(920): Cake\Database\Connection->schemaCollection()
#8 /var/www/html/Animaux/cobra/vendor/cakephp/bake/src/Shell/Task/ModelTask.php(875): Bake\Shell\Task\ModelTask->_getAllTables()
#9 /var/www/html/Animaux/cobra/vendor/cakephp/bake/src/Shell/Task/ModelTask.php(889): Bake\Shell\Task\ModelTask->listAll()
#10 /var/www/html/Animaux/cobra/vendor/cakephp/bake/src/Shell/BakeShell.php(228): Bake\Shell\Task\ModelTask->listUnskipped()
#11 [internal function]: Bake\Shell\BakeShell->all()
#12 /var/www/html/Animaux/cobra/vendor/cakephp/cakephp/src/Console/Shell.php(444): call_user_func_array(Array, Array)
#13 /var/www/html/Animaux/cobra/vendor/cakephp/cakephp/src/Console/ShellDispatcher.php(221): Cake\Console\Shell->runCommand(Array, true, Array)
#14 /var/www/html/Animaux/cobra/vendor/cakephp/cakephp/src/Console/ShellDispatcher.php(181): Cake\Console\ShellDispatcher->_dispatch(Array)
#15 /var/www/html/Animaux/cobra/vendor/cakephp/cakephp/src/Console/ShellDispatcher.php(127): Cake\Console\ShellDispatcher->dispatch(Array)
#16 /var/www/html/Animaux/cobra/bin/cake.php(33): Cake\Console\ShellDispatcher::run(Array)
#17 {main}


2016-07-27 11:53:43 Error: [PDOException] SQLSTATE[28000] [1045] Access denied for user 'my_app'@'localhost' (using password: YES)
Stack Trace:
#0 /var/www/html/Animaux/cobra/vendor/cakephp/cakephp/src/Database/Driver/PDODriverTrait.php(48): PDO->__construct('mysql:host=loca...', 'my_app', 'secret', Array)
#1 /var/www/html/Animaux/cobra/vendor/cakephp/cakephp/src/Database/Driver/Mysql.php(90): Cake\Database\Driver\Mysql->_connect('mysql:host=loca...', Array)
#2 /var/www/html/Animaux/cobra/vendor/cakephp/cakephp/src/Database/Schema/BaseSchema.php(45): Cake\Database\Driver\Mysql->connect()
#3 /var/www/html/Animaux/cobra/vendor/cakephp/cakephp/src/Database/Dialect/MysqlDialectTrait.php(63): Cake\Database\Schema\BaseSchema->__construct(Object(Cake\Database\Driver\Mysql))
#4 /var/www/html/Animaux/cobra/vendor/cakephp/cakephp/src/Database/Schema/Collection.php(52): Cake\Database\Driver\Mysql->schemaDialect()
#5 /var/www/html/Animaux/cobra/vendor/cakephp/cakephp/src/Database/Schema/CachedCollection.php(43): Cake\Database\Schema\Collection->__construct(Object(Cake\Database\Connection))
#6 /var/www/html/Animaux/cobra/vendor/cakephp/cakephp/src/Database/Connection.php(317): Cake\Database\Schema\CachedCollection->__construct(Object(Cake\Database\Connection), true)
#7 /var/www/html/Animaux/cobra/vendor/cakephp/bake/src/Shell/Task/ModelTask.php(920): Cake\Database\Connection->schemaCollection()
#8 /var/www/html/Animaux/cobra/vendor/cakephp/bake/src/Shell/Task/ModelTask.php(875): Bake\Shell\Task\ModelTask->_getAllTables()
#9 /var/www/html/Animaux/cobra/vendor/cakephp/bake/src/Shell/Task/ModelTask.php(889): Bake\Shell\Task\ModelTask->listAll()
#10 /var/www/html/Animaux/cobra/vendor/cakephp/bake/src/Shell/Task/ModelTask.php(159): Bake\Shell\Task\ModelTask->listUnskipped()
#11 [internal function]: Bake\Shell\Task\ModelTask->all()
#12 /var/www/html/Animaux/cobra/vendor/cakephp/cakephp/src/Console/Shell.php(444): call_user_func_array(Array, Array)
#13 /var/www/html/Animaux/cobra/vendor/cakephp/cakephp/src/Console/Shell.php(450): Cake\Console\Shell->runCommand(Array, false)
#14 /var/www/html/Animaux/cobra/vendor/cakephp/cakephp/src/Console/ShellDispatcher.php(221): Cake\Console\Shell->runCommand(Array, true, Array)
#15 /var/www/html/Animaux/cobra/vendor/cakephp/cakephp/src/Console/ShellDispatcher.php(181): Cake\Console\ShellDispatcher->_dispatch(Array)
#16 /var/www/html/Animaux/cobra/vendor/cakephp/cakephp/src/Console/ShellDispatcher.php(127): Cake\Console\ShellDispatcher->dispatch(Array)
#17 /var/www/html/Animaux/cobra/bin/cake.php(33): Cake\Console\ShellDispatcher::run(Array)
#18 {main}


2016-07-27 11:53:55 Error: [PDOException] SQLSTATE[28000] [1045] Access denied for user 'my_app'@'localhost' (using password: YES)
Stack Trace:
#0 /var/www/html/Animaux/cobra/vendor/cakephp/cakephp/src/Database/Driver/PDODriverTrait.php(48): PDO->__construct('mysql:host=loca...', 'my_app', 'secret', Array)
#1 /var/www/html/Animaux/cobra/vendor/cakephp/cakephp/src/Database/Driver/Mysql.php(90): Cake\Database\Driver\Mysql->_connect('mysql:host=loca...', Array)
#2 /var/www/html/Animaux/cobra/vendor/cakephp/cakephp/src/Database/Schema/BaseSchema.php(45): Cake\Database\Driver\Mysql->connect()
#3 /var/www/html/Animaux/cobra/vendor/cakephp/cakephp/src/Database/Dialect/MysqlDialectTrait.php(63): Cake\Database\Schema\BaseSchema->__construct(Object(Cake\Database\Driver\Mysql))
#4 /var/www/html/Animaux/cobra/vendor/cakephp/cakephp/src/Database/Schema/Collection.php(52): Cake\Database\Driver\Mysql->schemaDialect()
#5 /var/www/html/Animaux/cobra/vendor/cakephp/cakephp/src/Database/Schema/CachedCollection.php(43): Cake\Database\Schema\Collection->__construct(Object(Cake\Database\Connection))
#6 /var/www/html/Animaux/cobra/vendor/cakephp/cakephp/src/Database/Connection.php(317): Cake\Database\Schema\CachedCollection->__construct(Object(Cake\Database\Connection), true)
#7 /var/www/html/Animaux/cobra/vendor/cakephp/bake/src/Shell/Task/ModelTask.php(920): Cake\Database\Connection->schemaCollection()
#8 /var/www/html/Animaux/cobra/vendor/cakephp/bake/src/Shell/Task/ModelTask.php(875): Bake\Shell\Task\ModelTask->_getAllTables()
#9 /var/www/html/Animaux/cobra/vendor/cakephp/bake/src/Shell/Task/ModelTask.php(198): Bake\Shell\Task\ModelTask->listAll()
#10 /var/www/html/Animaux/cobra/vendor/cakephp/bake/src/Shell/Task/ModelTask.php(124): Bake\Shell\Task\ModelTask->getAssociations(Object(Cake\ORM\Table))
#11 /var/www/html/Animaux/cobra/vendor/cakephp/bake/src/Shell/Task/ModelTask.php(109): Bake\Shell\Task\ModelTask->getTableContext(Object(Cake\ORM\Table), 'users', 'Users')
#12 /var/www/html/Animaux/cobra/vendor/cakephp/bake/src/Shell/Task/ModelTask.php(96): Bake\Shell\Task\ModelTask->bake('Users')
#13 [internal function]: Bake\Shell\Task\ModelTask->main('Users')
#14 /var/www/html/Animaux/cobra/vendor/cakephp/cakephp/src/Console/Shell.php(456): call_user_func_array(Array, Array)
#15 /var/www/html/Animaux/cobra/vendor/cakephp/cakephp/src/Console/Shell.php(450): Cake\Console\Shell->runCommand(Array, false)
#16 /var/www/html/Animaux/cobra/vendor/cakephp/cakephp/src/Console/ShellDispatcher.php(221): Cake\Console\Shell->runCommand(Array, true, Array)
#17 /var/www/html/Animaux/cobra/vendor/cakephp/cakephp/src/Console/ShellDispatcher.php(181): Cake\Console\ShellDispatcher->_dispatch(Array)
#18 /var/www/html/Animaux/cobra/vendor/cakephp/cakephp/src/Console/ShellDispatcher.php(127): Cake\Console\ShellDispatcher->dispatch(Array)
#19 /var/www/html/Animaux/cobra/bin/cake.php(33): Cake\Console\ShellDispatcher::run(Array)
#20 {main}


2016-07-27 11:54:07 Error: [PDOException] SQLSTATE[28000] [1045] Access denied for user 'my_app'@'localhost' (using password: YES)
Stack Trace:
#0 /var/www/html/Animaux/cobra/vendor/cakephp/cakephp/src/Database/Driver/PDODriverTrait.php(48): PDO->__construct('mysql:host=loca...', 'my_app', 'secret', Array)
#1 /var/www/html/Animaux/cobra/vendor/cakephp/cakephp/src/Database/Driver/Mysql.php(90): Cake\Database\Driver\Mysql->_connect('mysql:host=loca...', Array)
#2 /var/www/html/Animaux/cobra/vendor/cakephp/cakephp/src/Database/Schema/BaseSchema.php(45): Cake\Database\Driver\Mysql->connect()
#3 /var/www/html/Animaux/cobra/vendor/cakephp/cakephp/src/Database/Dialect/MysqlDialectTrait.php(63): Cake\Database\Schema\BaseSchema->__construct(Object(Cake\Database\Driver\Mysql))
#4 /var/www/html/Animaux/cobra/vendor/cakephp/cakephp/src/Database/Schema/Collection.php(52): Cake\Database\Driver\Mysql->schemaDialect()
#5 /var/www/html/Animaux/cobra/vendor/cakephp/cakephp/src/Database/Schema/CachedCollection.php(43): Cake\Database\Schema\Collection->__construct(Object(Cake\Database\Connection))
#6 /var/www/html/Animaux/cobra/vendor/cakephp/cakephp/src/Database/Connection.php(317): Cake\Database\Schema\CachedCollection->__construct(Object(Cake\Database\Connection), true)
#7 /var/www/html/Animaux/cobra/vendor/cakephp/bake/src/Shell/Task/ModelTask.php(920): Cake\Database\Connection->schemaCollection()
#8 /var/www/html/Animaux/cobra/vendor/cakephp/bake/src/Shell/Task/ModelTask.php(875): Bake\Shell\Task\ModelTask->_getAllTables()
#9 /var/www/html/Animaux/cobra/vendor/cakephp/bake/src/Shell/Task/ModelTask.php(889): Bake\Shell\Task\ModelTask->listAll()
#10 /var/www/html/Animaux/cobra/vendor/cakephp/bake/src/Shell/BakeShell.php(228): Bake\Shell\Task\ModelTask->listUnskipped()
#11 [internal function]: Bake\Shell\BakeShell->all()
#12 /var/www/html/Animaux/cobra/vendor/cakephp/cakephp/src/Console/Shell.php(444): call_user_func_array(Array, Array)
#13 /var/www/html/Animaux/cobra/vendor/cakephp/cakephp/src/Console/ShellDispatcher.php(221): Cake\Console\Shell->runCommand(Array, true, Array)
#14 /var/www/html/Animaux/cobra/vendor/cakephp/cakephp/src/Console/ShellDispatcher.php(181): Cake\Console\ShellDispatcher->_dispatch(Array)
#15 /var/www/html/Animaux/cobra/vendor/cakephp/cakephp/src/Console/ShellDispatcher.php(127): Cake\Console\ShellDispatcher->dispatch(Array)
#16 /var/www/html/Animaux/cobra/bin/cake.php(33): Cake\Console\ShellDispatcher::run(Array)
#17 {main}


2016-07-27 11:54:09 Error: [PDOException] SQLSTATE[28000] [1045] Access denied for user 'my_app'@'localhost' (using password: YES)
Stack Trace:
#0 /var/www/html/Animaux/cobra/vendor/cakephp/cakephp/src/Database/Driver/PDODriverTrait.php(48): PDO->__construct('mysql:host=loca...', 'my_app', 'secret', Array)
#1 /var/www/html/Animaux/cobra/vendor/cakephp/cakephp/src/Database/Driver/Mysql.php(90): Cake\Database\Driver\Mysql->_connect('mysql:host=loca...', Array)
#2 /var/www/html/Animaux/cobra/vendor/cakephp/cakephp/src/Database/Schema/BaseSchema.php(45): Cake\Database\Driver\Mysql->connect()
#3 /var/www/html/Animaux/cobra/vendor/cakephp/cakephp/src/Database/Dialect/MysqlDialectTrait.php(63): Cake\Database\Schema\BaseSchema->__construct(Object(Cake\Database\Driver\Mysql))
#4 /var/www/html/Animaux/cobra/vendor/cakephp/cakephp/src/Database/Schema/Collection.php(52): Cake\Database\Driver\Mysql->schemaDialect()
#5 /var/www/html/Animaux/cobra/vendor/cakephp/cakephp/src/Database/Schema/CachedCollection.php(43): Cake\Database\Schema\Collection->__construct(Object(Cake\Database\Connection))
#6 /var/www/html/Animaux/cobra/vendor/cakephp/cakephp/src/Database/Connection.php(317): Cake\Database\Schema\CachedCollection->__construct(Object(Cake\Database\Connection), true)
#7 /var/www/html/Animaux/cobra/vendor/cakephp/bake/src/Shell/Task/ModelTask.php(920): Cake\Database\Connection->schemaCollection()
#8 /var/www/html/Animaux/cobra/vendor/cakephp/bake/src/Shell/Task/ModelTask.php(875): Bake\Shell\Task\ModelTask->_getAllTables()
#9 /var/www/html/Animaux/cobra/vendor/cakephp/bake/src/Shell/Task/ModelTask.php(198): Bake\Shell\Task\ModelTask->listAll()
#10 /var/www/html/Animaux/cobra/vendor/cakephp/bake/src/Shell/Task/ModelTask.php(124): Bake\Shell\Task\ModelTask->getAssociations(Object(Cake\ORM\Table))
#11 /var/www/html/Animaux/cobra/vendor/cakephp/bake/src/Shell/Task/ModelTask.php(109): Bake\Shell\Task\ModelTask->getTableContext(Object(Cake\ORM\Table), 'models', 'Models')
#12 /var/www/html/Animaux/cobra/vendor/cakephp/bake/src/Shell/Task/ModelTask.php(96): Bake\Shell\Task\ModelTask->bake('Models')
#13 /var/www/html/Animaux/cobra/vendor/cakephp/bake/src/Shell/BakeShell.php(250): Bake\Shell\Task\ModelTask->main('Models')
#14 /var/www/html/Animaux/cobra/vendor/cakephp/cakephp/src/Collection/CollectionTrait.php(51): Bake\Shell\BakeShell->Bake\Shell\{closure}('models', 0)
#15 /var/www/html/Animaux/cobra/vendor/cakephp/bake/src/Shell/BakeShell.php(253): Cake\Collection\Collection->each(Object(Closure))
#16 [internal function]: Bake\Shell\BakeShell->all('models')
#17 /var/www/html/Animaux/cobra/vendor/cakephp/cakephp/src/Console/Shell.php(444): call_user_func_array(Array, Array)
#18 /var/www/html/Animaux/cobra/vendor/cakephp/cakephp/src/Console/ShellDispatcher.php(221): Cake\Console\Shell->runCommand(Array, true, Array)
#19 /var/www/html/Animaux/cobra/vendor/cakephp/cakephp/src/Console/ShellDispatcher.php(181): Cake\Console\ShellDispatcher->_dispatch(Array)
#20 /var/www/html/Animaux/cobra/vendor/cakephp/cakephp/src/Console/ShellDispatcher.php(127): Cake\Console\ShellDispatcher->dispatch(Array)
#21 /var/www/html/Animaux/cobra/bin/cake.php(33): Cake\Console\ShellDispatcher::run(Array)
#22 {main}


2016-07-27 11:57:29 Error: [PDOException] SQLSTATE[28000] [1045] Access denied for user 'my_app'@'localhost' (using password: YES)
Stack Trace:
#0 /var/www/html/Animaux/cobra/vendor/cakephp/cakephp/src/Database/Driver/PDODriverTrait.php(48): PDO->__construct('mysql:host=loca...', 'my_app', 'secret', Array)
#1 /var/www/html/Animaux/cobra/vendor/cakephp/cakephp/src/Database/Driver/Mysql.php(90): Cake\Database\Driver\Mysql->_connect('mysql:host=loca...', Array)
#2 /var/www/html/Animaux/cobra/vendor/cakephp/cakephp/src/Database/Schema/BaseSchema.php(45): Cake\Database\Driver\Mysql->connect()
#3 /var/www/html/Animaux/cobra/vendor/cakephp/cakephp/src/Database/Dialect/MysqlDialectTrait.php(63): Cake\Database\Schema\BaseSchema->__construct(Object(Cake\Database\Driver\Mysql))
#4 /var/www/html/Animaux/cobra/vendor/cakephp/cakephp/src/Database/Schema/Collection.php(52): Cake\Database\Driver\Mysql->schemaDialect()
#5 /var/www/html/Animaux/cobra/vendor/cakephp/cakephp/src/Database/Schema/CachedCollection.php(43): Cake\Database\Schema\Collection->__construct(Object(Cake\Database\Connection))
#6 /var/www/html/Animaux/cobra/vendor/cakephp/cakephp/src/Database/Connection.php(317): Cake\Database\Schema\CachedCollection->__construct(Object(Cake\Database\Connection), true)
#7 /var/www/html/Animaux/cobra/vendor/cakephp/bake/src/Shell/Task/ModelTask.php(920): Cake\Database\Connection->schemaCollection()
#8 /var/www/html/Animaux/cobra/vendor/cakephp/bake/src/Shell/Task/ModelTask.php(875): Bake\Shell\Task\ModelTask->_getAllTables()
#9 /var/www/html/Animaux/cobra/vendor/cakephp/bake/src/Shell/Task/ModelTask.php(198): Bake\Shell\Task\ModelTask->listAll()
#10 /var/www/html/Animaux/cobra/vendor/cakephp/bake/src/Shell/Task/ModelTask.php(124): Bake\Shell\Task\ModelTask->getAssociations(Object(Cake\ORM\Table))
#11 /var/www/html/Animaux/cobra/vendor/cakephp/bake/src/Shell/Task/ModelTask.php(109): Bake\Shell\Task\ModelTask->getTableContext(Object(Cake\ORM\Table), 'users', 'Users')
#12 /var/www/html/Animaux/cobra/vendor/cakephp/bake/src/Shell/Task/ModelTask.php(96): Bake\Shell\Task\ModelTask->bake('Users')
#13 [internal function]: Bake\Shell\Task\ModelTask->main('Users')
#14 /var/www/html/Animaux/cobra/vendor/cakephp/cakephp/src/Console/Shell.php(456): call_user_func_array(Array, Array)
#15 /var/www/html/Animaux/cobra/vendor/cakephp/cakephp/src/Console/Shell.php(450): Cake\Console\Shell->runCommand(Array, false)
#16 /var/www/html/Animaux/cobra/vendor/cakephp/cakephp/src/Console/ShellDispatcher.php(221): Cake\Console\Shell->runCommand(Array, true, Array)
#17 /var/www/html/Animaux/cobra/vendor/cakephp/cakephp/src/Console/ShellDispatcher.php(181): Cake\Console\ShellDispatcher->_dispatch(Array)
#18 /var/www/html/Animaux/cobra/vendor/cakephp/cakephp/src/Console/ShellDispatcher.php(127): Cake\Console\ShellDispatcher->dispatch(Array)
#19 /var/www/html/Animaux/cobra/bin/cake.php(33): Cake\Console\ShellDispatcher::run(Array)
#20 {main}


2016-07-27 11:57:36 Error: [PDOException] SQLSTATE[28000] [1045] Access denied for user 'my_app'@'localhost' (using password: YES)
Stack Trace:
#0 /var/www/html/Animaux/cobra/vendor/cakephp/cakephp/src/Database/Driver/PDODriverTrait.php(48): PDO->__construct('mysql:host=loca...', 'my_app', 'secret', Array)
#1 /var/www/html/Animaux/cobra/vendor/cakephp/cakephp/src/Database/Driver/Mysql.php(90): Cake\Database\Driver\Mysql->_connect('mysql:host=loca...', Array)
#2 /var/www/html/Animaux/cobra/vendor/cakephp/cakephp/src/Database/Schema/BaseSchema.php(45): Cake\Database\Driver\Mysql->connect()
#3 /var/www/html/Animaux/cobra/vendor/cakephp/cakephp/src/Database/Dialect/MysqlDialectTrait.php(63): Cake\Database\Schema\BaseSchema->__construct(Object(Cake\Database\Driver\Mysql))
#4 /var/www/html/Animaux/cobra/vendor/cakephp/cakephp/src/Database/Schema/Collection.php(52): Cake\Database\Driver\Mysql->schemaDialect()
#5 /var/www/html/Animaux/cobra/vendor/cakephp/cakephp/src/Database/Schema/CachedCollection.php(43): Cake\Database\Schema\Collection->__construct(Object(Cake\Database\Connection))
#6 /var/www/html/Animaux/cobra/vendor/cakephp/cakephp/src/Database/Connection.php(317): Cake\Database\Schema\CachedCollection->__construct(Object(Cake\Database\Connection), true)
#7 /var/www/html/Animaux/cobra/vendor/cakephp/bake/src/Shell/Task/ModelTask.php(920): Cake\Database\Connection->schemaCollection()
#8 /var/www/html/Animaux/cobra/vendor/cakephp/bake/src/Shell/Task/ModelTask.php(875): Bake\Shell\Task\ModelTask->_getAllTables()
#9 /var/www/html/Animaux/cobra/vendor/cakephp/bake/src/Shell/Task/ModelTask.php(198): Bake\Shell\Task\ModelTask->listAll()
#10 /var/www/html/Animaux/cobra/vendor/cakephp/bake/src/Shell/Task/ModelTask.php(124): Bake\Shell\Task\ModelTask->getAssociations(Object(Cake\ORM\Table))
#11 /var/www/html/Animaux/cobra/vendor/cakephp/bake/src/Shell/Task/ModelTask.php(109): Bake\Shell\Task\ModelTask->getTableContext(Object(Cake\ORM\Table), 'users', 'Users')
#12 /var/www/html/Animaux/cobra/vendor/cakephp/bake/src/Shell/Task/ModelTask.php(96): Bake\Shell\Task\ModelTask->bake('Users')
#13 [internal function]: Bake\Shell\Task\ModelTask->main('users')
#14 /var/www/html/Animaux/cobra/vendor/cakephp/cakephp/src/Console/Shell.php(456): call_user_func_array(Array, Array)
#15 /var/www/html/Animaux/cobra/vendor/cakephp/cakephp/src/Console/Shell.php(450): Cake\Console\Shell->runCommand(Array, false)
#16 /var/www/html/Animaux/cobra/vendor/cakephp/cakephp/src/Console/ShellDispatcher.php(221): Cake\Console\Shell->runCommand(Array, true, Array)
#17 /var/www/html/Animaux/cobra/vendor/cakephp/cakephp/src/Console/ShellDispatcher.php(181): Cake\Console\ShellDispatcher->_dispatch(Array)
#18 /var/www/html/Animaux/cobra/vendor/cakephp/cakephp/src/Console/ShellDispatcher.php(127): Cake\Console\ShellDispatcher->dispatch(Array)
#19 /var/www/html/Animaux/cobra/bin/cake.php(33): Cake\Console\ShellDispatcher::run(Array)
#20 {main}


2016-07-27 11:58:11 Error: [PDOException] SQLSTATE[28000] [1045] Access denied for user 'my_app'@'localhost' (using password: YES)
Stack Trace:
#0 /var/www/html/Animaux/cobra/vendor/cakephp/cakephp/src/Database/Driver/PDODriverTrait.php(48): PDO->__construct('mysql:host=loca...', 'my_app', 'secret', Array)
#1 /var/www/html/Animaux/cobra/vendor/cakephp/cakephp/src/Database/Driver/Mysql.php(90): Cake\Database\Driver\Mysql->_connect('mysql:host=loca...', Array)
#2 /var/www/html/Animaux/cobra/vendor/cakephp/cakephp/src/Database/Schema/BaseSchema.php(45): Cake\Database\Driver\Mysql->connect()
#3 /var/www/html/Animaux/cobra/vendor/cakephp/cakephp/src/Database/Dialect/MysqlDialectTrait.php(63): Cake\Database\Schema\BaseSchema->__construct(Object(Cake\Database\Driver\Mysql))
#4 /var/www/html/Animaux/cobra/vendor/cakephp/cakephp/src/Database/Schema/Collection.php(52): Cake\Database\Driver\Mysql->schemaDialect()
#5 /var/www/html/Animaux/cobra/vendor/cakephp/cakephp/src/Database/Schema/CachedCollection.php(43): Cake\Database\Schema\Collection->__construct(Object(Cake\Database\Connection))
#6 /var/www/html/Animaux/cobra/vendor/cakephp/cakephp/src/Database/Connection.php(317): Cake\Database\Schema\CachedCollection->__construct(Object(Cake\Database\Connection), true)
#7 /var/www/html/Animaux/cobra/vendor/cakephp/bake/src/Shell/Task/ModelTask.php(920): Cake\Database\Connection->schemaCollection()
#8 /var/www/html/Animaux/cobra/vendor/cakephp/bake/src/Shell/Task/ModelTask.php(875): Bake\Shell\Task\ModelTask->_getAllTables()
#9 /var/www/html/Animaux/cobra/vendor/cakephp/bake/src/Shell/Task/ModelTask.php(198): Bake\Shell\Task\ModelTask->listAll()
#10 /var/www/html/Animaux/cobra/vendor/cakephp/bake/src/Shell/Task/ModelTask.php(124): Bake\Shell\Task\ModelTask->getAssociations(Object(Cake\ORM\Table))
#11 /var/www/html/Animaux/cobra/vendor/cakephp/bake/src/Shell/Task/ModelTask.php(109): Bake\Shell\Task\ModelTask->getTableContext(Object(Cake\ORM\Table), 'users', 'Users')
#12 /var/www/html/Animaux/cobra/vendor/cakephp/bake/src/Shell/Task/ModelTask.php(96): Bake\Shell\Task\ModelTask->bake('Users')
#13 /var/www/html/Animaux/cobra/vendor/cakephp/bake/src/Shell/BakeShell.php(250): Bake\Shell\Task\ModelTask->main('Users')
#14 /var/www/html/Animaux/cobra/vendor/cakephp/cakephp/src/Collection/CollectionTrait.php(51): Bake\Shell\BakeShell->Bake\Shell\{closure}('Users', 0)
#15 /var/www/html/Animaux/cobra/vendor/cakephp/bake/src/Shell/BakeShell.php(253): Cake\Collection\Collection->each(Object(Closure))
#16 [internal function]: Bake\Shell\BakeShell->all('Users')
#17 /var/www/html/Animaux/cobra/vendor/cakephp/cakephp/src/Console/Shell.php(444): call_user_func_array(Array, Array)
#18 /var/www/html/Animaux/cobra/vendor/cakephp/cakephp/src/Console/ShellDispatcher.php(221): Cake\Console\Shell->runCommand(Array, true, Array)
#19 /var/www/html/Animaux/cobra/vendor/cakephp/cakephp/src/Console/ShellDispatcher.php(181): Cake\Console\ShellDispatcher->_dispatch(Array)
#20 /var/www/html/Animaux/cobra/vendor/cakephp/cakephp/src/Console/ShellDispatcher.php(127): Cake\Console\ShellDispatcher->dispatch(Array)
#21 /var/www/html/Animaux/cobra/bin/cake.php(33): Cake\Console\ShellDispatcher::run(Array)
#22 {main}


2016-07-27 11:58:18 Error: [PDOException] SQLSTATE[28000] [1045] Access denied for user 'my_app'@'localhost' (using password: YES)
Stack Trace:
#0 /var/www/html/Animaux/cobra/vendor/cakephp/cakephp/src/Database/Driver/PDODriverTrait.php(48): PDO->__construct('mysql:host=loca...', 'my_app', 'secret', Array)
#1 /var/www/html/Animaux/cobra/vendor/cakephp/cakephp/src/Database/Driver/Mysql.php(90): Cake\Database\Driver\Mysql->_connect('mysql:host=loca...', Array)
#2 /var/www/html/Animaux/cobra/vendor/cakephp/cakephp/src/Database/Schema/BaseSchema.php(45): Cake\Database\Driver\Mysql->connect()
#3 /var/www/html/Animaux/cobra/vendor/cakephp/cakephp/src/Database/Dialect/MysqlDialectTrait.php(63): Cake\Database\Schema\BaseSchema->__construct(Object(Cake\Database\Driver\Mysql))
#4 /var/www/html/Animaux/cobra/vendor/cakephp/cakephp/src/Database/Schema/Collection.php(52): Cake\Database\Driver\Mysql->schemaDialect()
#5 /var/www/html/Animaux/cobra/vendor/cakephp/cakephp/src/Database/Schema/CachedCollection.php(43): Cake\Database\Schema\Collection->__construct(Object(Cake\Database\Connection))
#6 /var/www/html/Animaux/cobra/vendor/cakephp/cakephp/src/Database/Connection.php(317): Cake\Database\Schema\CachedCollection->__construct(Object(Cake\Database\Connection), true)
#7 /var/www/html/Animaux/cobra/vendor/cakephp/bake/src/Shell/Task/ModelTask.php(920): Cake\Database\Connection->schemaCollection()
#8 /var/www/html/Animaux/cobra/vendor/cakephp/bake/src/Shell/Task/ModelTask.php(875): Bake\Shell\Task\ModelTask->_getAllTables()
#9 /var/www/html/Animaux/cobra/vendor/cakephp/bake/src/Shell/Task/ModelTask.php(198): Bake\Shell\Task\ModelTask->listAll()
#10 /var/www/html/Animaux/cobra/vendor/cakephp/bake/src/Shell/Task/ModelTask.php(124): Bake\Shell\Task\ModelTask->getAssociations(Object(Cake\ORM\Table))
#11 /var/www/html/Animaux/cobra/vendor/cakephp/bake/src/Shell/Task/ModelTask.php(109): Bake\Shell\Task\ModelTask->getTableContext(Object(Cake\ORM\Table), 'users', 'Users')
#12 /var/www/html/Animaux/cobra/vendor/cakephp/bake/src/Shell/Task/ModelTask.php(96): Bake\Shell\Task\ModelTask->bake('Users')
#13 [internal function]: Bake\Shell\Task\ModelTask->main('users')
#14 /var/www/html/Animaux/cobra/vendor/cakephp/cakephp/src/Console/Shell.php(456): call_user_func_array(Array, Array)
#15 /var/www/html/Animaux/cobra/vendor/cakephp/cakephp/src/Console/Shell.php(450): Cake\Console\Shell->runCommand(Array, false)
#16 /var/www/html/Animaux/cobra/vendor/cakephp/cakephp/src/Console/ShellDispatcher.php(221): Cake\Console\Shell->runCommand(Array, true, Array)
#17 /var/www/html/Animaux/cobra/vendor/cakephp/cakephp/src/Console/ShellDispatcher.php(181): Cake\Console\ShellDispatcher->_dispatch(Array)
#18 /var/www/html/Animaux/cobra/vendor/cakephp/cakephp/src/Console/ShellDispatcher.php(127): Cake\Console\ShellDispatcher->dispatch(Array)
#19 /var/www/html/Animaux/cobra/bin/cake.php(33): Cake\Console\ShellDispatcher::run(Array)
#20 {main}


2016-07-27 11:58:24 Error: [PDOException] SQLSTATE[28000] [1045] Access denied for user 'my_app'@'localhost' (using password: YES)
Stack Trace:
#0 /var/www/html/Animaux/cobra/vendor/cakephp/cakephp/src/Database/Driver/PDODriverTrait.php(48): PDO->__construct('mysql:host=loca...', 'my_app', 'secret', Array)
#1 /var/www/html/Animaux/cobra/vendor/cakephp/cakephp/src/Database/Driver/Mysql.php(90): Cake\Database\Driver\Mysql->_connect('mysql:host=loca...', Array)
#2 /var/www/html/Animaux/cobra/vendor/cakephp/cakephp/src/Database/Schema/BaseSchema.php(45): Cake\Database\Driver\Mysql->connect()
#3 /var/www/html/Animaux/cobra/vendor/cakephp/cakephp/src/Database/Dialect/MysqlDialectTrait.php(63): Cake\Database\Schema\BaseSchema->__construct(Object(Cake\Database\Driver\Mysql))
#4 /var/www/html/Animaux/cobra/vendor/cakephp/cakephp/src/Database/Schema/Collection.php(52): Cake\Database\Driver\Mysql->schemaDialect()
#5 /var/www/html/Animaux/cobra/vendor/cakephp/cakephp/src/Database/Schema/CachedCollection.php(43): Cake\Database\Schema\Collection->__construct(Object(Cake\Database\Connection))
#6 /var/www/html/Animaux/cobra/vendor/cakephp/cakephp/src/Database/Connection.php(317): Cake\Database\Schema\CachedCollection->__construct(Object(Cake\Database\Connection), true)
#7 /var/www/html/Animaux/cobra/vendor/cakephp/bake/src/Shell/Task/ModelTask.php(920): Cake\Database\Connection->schemaCollection()
#8 /var/www/html/Animaux/cobra/vendor/cakephp/bake/src/Shell/Task/ModelTask.php(875): Bake\Shell\Task\ModelTask->_getAllTables()
#9 /var/www/html/Animaux/cobra/vendor/cakephp/bake/src/Shell/Task/ModelTask.php(198): Bake\Shell\Task\ModelTask->listAll()
#10 /var/www/html/Animaux/cobra/vendor/cakephp/bake/src/Shell/Task/ModelTask.php(124): Bake\Shell\Task\ModelTask->getAssociations(Object(Cake\ORM\Table))
#11 /var/www/html/Animaux/cobra/vendor/cakephp/bake/src/Shell/Task/ModelTask.php(109): Bake\Shell\Task\ModelTask->getTableContext(Object(Cake\ORM\Table), 'users', 'Users')
#12 /var/www/html/Animaux/cobra/vendor/cakephp/bake/src/Shell/Task/ModelTask.php(96): Bake\Shell\Task\ModelTask->bake('Users')
#13 /var/www/html/Animaux/cobra/vendor/cakephp/bake/src/Shell/BakeShell.php(250): Bake\Shell\Task\ModelTask->main('Users')
#14 /var/www/html/Animaux/cobra/vendor/cakephp/cakephp/src/Collection/CollectionTrait.php(51): Bake\Shell\BakeShell->Bake\Shell\{closure}('users', 0)
#15 /var/www/html/Animaux/cobra/vendor/cakephp/bake/src/Shell/BakeShell.php(253): Cake\Collection\Collection->each(Object(Closure))
#16 [internal function]: Bake\Shell\BakeShell->all('users')
#17 /var/www/html/Animaux/cobra/vendor/cakephp/cakephp/src/Console/Shell.php(444): call_user_func_array(Array, Array)
#18 /var/www/html/Animaux/cobra/vendor/cakephp/cakephp/src/Console/ShellDispatcher.php(221): Cake\Console\Shell->runCommand(Array, true, Array)
#19 /var/www/html/Animaux/cobra/vendor/cakephp/cakephp/src/Console/ShellDispatcher.php(181): Cake\Console\ShellDispatcher->_dispatch(Array)
#20 /var/www/html/Animaux/cobra/vendor/cakephp/cakephp/src/Console/ShellDispatcher.php(127): Cake\Console\ShellDispatcher->dispatch(Array)
#21 /var/www/html/Animaux/cobra/bin/cake.php(33): Cake\Console\ShellDispatcher::run(Array)
#22 {main}


2016-08-16 07:03:01 Warning: Warning (512): Association property name "type_user" clashes with field of same name of table "users". You should explicitly specify the "propertyName" option. in [/var/www/html/Animaux/cobra/vendor/cakephp/cakephp/src/ORM/Association.php, line 447]
Trace:
Cake\Error\BaseErrorHandler::handleError() - CORE/src/Error/BaseErrorHandler.php, line 146
Cake\ORM\Association::property() - CORE/src/ORM/Association.php, line 447
Bake\Shell\Task\ModelTask::getEntityPropertySchema() - ROOT/vendor/cakephp/bake/src/Shell/Task/ModelTask.php, line 496
Bake\Shell\Task\ModelTask::getTableContext() - ROOT/vendor/cakephp/bake/src/Shell/Task/ModelTask.php, line 129
Bake\Shell\Task\ModelTask::bake() - ROOT/vendor/cakephp/bake/src/Shell/Task/ModelTask.php, line 109
Bake\Shell\Task\ModelTask::main() - ROOT/vendor/cakephp/bake/src/Shell/Task/ModelTask.php, line 96
Bake\Shell\BakeShell::Bake\Shell\{closure}() - ROOT/vendor/cakephp/bake/src/Shell/BakeShell.php, line 250
Cake\Collection\Collection::each() - CORE/src/Collection/CollectionTrait.php, line 51
Bake\Shell\BakeShell::all() - ROOT/vendor/cakephp/bake/src/Shell/BakeShell.php, line 253
Cake\Console\Shell::runCommand() - CORE/src/Console/Shell.php, line 444
Cake\Console\ShellDispatcher::_dispatch() - CORE/src/Console/ShellDispatcher.php, line 221
Cake\Console\ShellDispatcher::dispatch() - CORE/src/Console/ShellDispatcher.php, line 181
Cake\Console\ShellDispatcher::run() - CORE/src/Console/ShellDispatcher.php, line 127
[main] - ROOT/bin/cake.php, line 33



2016-08-16 07:03:24 Warning: Warning (512): Association property name "type_user" clashes with field of same name of table "users". You should explicitly specify the "propertyName" option. in [/var/www/html/Animaux/cobra/vendor/cakephp/cakephp/src/ORM/Association.php, line 447]
Trace:
Cake\Error\BaseErrorHandler::handleError() - CORE/src/Error/BaseErrorHandler.php, line 146
Cake\ORM\Association::property() - CORE/src/ORM/Association.php, line 447
Bake\Utility\Model\AssociationFilter::filterAssociations() - ROOT/vendor/cakephp/bake/src/Utility/Model/AssociationFilter.php, line 94
Bake\Shell\Task\TemplateTask::_filteredAssociations() - ROOT/vendor/cakephp/bake/src/Shell/Task/TemplateTask.php, line 465
Bake\Shell\Task\TemplateTask::_loadController() - ROOT/vendor/cakephp/bake/src/Shell/Task/TemplateTask.php, line 295
Bake\Shell\Task\TemplateTask::main() - ROOT/vendor/cakephp/bake/src/Shell/Task/TemplateTask.php, line 147
Bake\Shell\BakeShell::Bake\Shell\{closure}() - ROOT/vendor/cakephp/bake/src/Shell/BakeShell.php, line 252
Cake\Collection\Collection::each() - CORE/src/Collection/CollectionTrait.php, line 51
Bake\Shell\BakeShell::all() - ROOT/vendor/cakephp/bake/src/Shell/BakeShell.php, line 253
Cake\Console\Shell::runCommand() - CORE/src/Console/Shell.php, line 444
Cake\Console\ShellDispatcher::_dispatch() - CORE/src/Console/ShellDispatcher.php, line 221
Cake\Console\ShellDispatcher::dispatch() - CORE/src/Console/ShellDispatcher.php, line 181
Cake\Console\ShellDispatcher::run() - CORE/src/Console/ShellDispatcher.php, line 127
[main] - ROOT/bin/cake.php, line 33



2016-08-16 07:52:39 Error: [Cake\Database\Exception] SQLSTATE[42S02]: Base table or view not found: 1146 Table 'cake_tuto.models' doesn't exist
Stack Trace:
#0 /var/www/html/Animaux/cobra/vendor/cakephp/cakephp/src/Database/Schema/Collection.php(96): Cake\Database\Schema\Collection->_reflect('Column', 'models', Array, Object(Cake\Database\Schema\Table))
#1 /var/www/html/Animaux/cobra/vendor/cakephp/cakephp/src/Database/Schema/CachedCollection.php(64): Cake\Database\Schema\Collection->describe('models', Array)
#2 /var/www/html/Animaux/cobra/vendor/cakephp/cakephp/src/ORM/Table.php(430): Cake\Database\Schema\CachedCollection->describe('models')
#3 /var/www/html/Animaux/cobra/vendor/cakephp/cakephp/src/ORM/Table.php(506): Cake\ORM\Table->schema()
#4 /var/www/html/Animaux/cobra/vendor/cakephp/bake/src/Shell/Task/ModelTask.php(206): Cake\ORM\Table->primaryKey()
#5 /var/www/html/Animaux/cobra/vendor/cakephp/bake/src/Shell/Task/ModelTask.php(124): Bake\Shell\Task\ModelTask->getAssociations(Object(Cake\ORM\Table))
#6 /var/www/html/Animaux/cobra/vendor/cakephp/bake/src/Shell/Task/ModelTask.php(109): Bake\Shell\Task\ModelTask->getTableContext(Object(Cake\ORM\Table), 'models', 'Models')
#7 /var/www/html/Animaux/cobra/vendor/cakephp/bake/src/Shell/Task/ModelTask.php(96): Bake\Shell\Task\ModelTask->bake('Models')
#8 /var/www/html/Animaux/cobra/vendor/cakephp/bake/src/Shell/BakeShell.php(250): Bake\Shell\Task\ModelTask->main('Models')
#9 /var/www/html/Animaux/cobra/vendor/cakephp/cakephp/src/Collection/CollectionTrait.php(51): Bake\Shell\BakeShell->Bake\Shell\{closure}('models', 0)
#10 /var/www/html/Animaux/cobra/vendor/cakephp/bake/src/Shell/BakeShell.php(253): Cake\Collection\Collection->each(Object(Closure))
#11 [internal function]: Bake\Shell\BakeShell->all('models', 'users')
#12 /var/www/html/Animaux/cobra/vendor/cakephp/cakephp/src/Console/Shell.php(444): call_user_func_array(Array, Array)
#13 /var/www/html/Animaux/cobra/vendor/cakephp/cakephp/src/Console/ShellDispatcher.php(221): Cake\Console\Shell->runCommand(Array, true, Array)
#14 /var/www/html/Animaux/cobra/vendor/cakephp/cakephp/src/Console/ShellDispatcher.php(181): Cake\Console\ShellDispatcher->_dispatch(Array)
#15 /var/www/html/Animaux/cobra/vendor/cakephp/cakephp/src/Console/ShellDispatcher.php(127): Cake\Console\ShellDispatcher->dispatch(Array)
#16 /var/www/html/Animaux/cobra/bin/cake.php(33): Cake\Console\ShellDispatcher::run(Array)
#17 {main}


